{
"contracts/AffiliateRouter.sol":{"l":{"11":0,"15":0,"19":0,"20":0,"21":0,"22":0},"path":"/home/runner/work/unykorn/unykorn/contracts/AffiliateRouter.sol","s":{"1":0,"2":0,"3":0},"b":{"1":[0,0],"2":[0,0],"3":[0,0]},"f":{"1":0,"2":0,"3":0},"fnMap":{"1":{"name":"constructor","line":10,"loc":{"start":{"line":10,"column":4},"end":{"line":12,"column":4}}},"2":{"name":"recordCommission","line":14,"loc":{"start":{"line":14,"column":4},"end":{"line":16,"column":4}}},"3":{"name":"claim","line":18,"loc":{"start":{"line":18,"column":4},"end":{"line":23,"column":4}}}},"statementMap":{"1":{"start":{"line":19,"column":8},"end":{"line":19,"column":42}},"2":{"start":{"line":20,"column":8},"end":{"line":20,"column":34}},"3":{"start":{"line":22,"column":8},"end":{"line":22,"column":73}}},"branchMap":{"1":{"line":14,"type":"if","locations":[{"start":{"line":14,"column":73},"end":{"line":14,"column":73}},{"start":{"line":14,"column":73},"end":{"line":14,"column":73}}]},"2":{"line":20,"type":"if","locations":[{"start":{"line":20,"column":8},"end":{"line":20,"column":8}},{"start":{"line":20,"column":8},"end":{"line":20,"column":8}}]},"3":{"line":22,"type":"if","locations":[{"start":{"line":22,"column":8},"end":{"line":22,"column":8}},{"start":{"line":22,"column":8},"end":{"line":22,"column":8}}]}}},
"contracts/AuditTrail.sol":{"l":{"20":0,"24":0,"25":0},"path":"/home/runner/work/unykorn/unykorn/contracts/AuditTrail.sol","s":{"1":0,"2":0,"3":0},"b":{"1":[0,0]},"f":{"1":0,"2":0},"fnMap":{"1":{"name":"constructor","line":19,"loc":{"start":{"line":19,"column":4},"end":{"line":21,"column":4}}},"2":{"name":"logTransaction","line":23,"loc":{"start":{"line":23,"column":4},"end":{"line":26,"column":4}}}},"statementMap":{"1":{"start":{"line":20,"column":8},"end":{"line":20,"column":44}},"2":{"start":{"line":24,"column":8},"end":{"line":24,"column":58}},"3":{"start":{"line":25,"column":8},"end":{"line":25,"column":61}}},"branchMap":{"1":{"line":23,"type":"if","locations":[{"start":{"line":23,"column":67},"end":{"line":23,"column":67}},{"start":{"line":23,"column":67},"end":{"line":23,"column":67}}]}}},
"contracts/evm/LiquidityHelper.sol":{"l":{"30":0,"31":0,"32":0,"33":0,"34":0,"39":0,"40":0,"41":0,"42":0,"44":0,"45":0,"53":0,"59":0,"60":0,"61":0,"62":0},"path":"/home/runner/work/unykorn/unykorn/contracts/evm/LiquidityHelper.sol","s":{"1":0,"2":0,"3":0,"4":0,"5":0,"6":0,"7":0,"8":0,"9":0,"10":0},"b":{"1":[0,0],"2":[0,0],"3":[0,0],"4":[0,0],"5":[0,0],"6":[0,0]},"f":{"1":0,"2":0,"3":0},"fnMap":{"1":{"name":"constructor","line":29,"loc":{"start":{"line":29,"column":4},"end":{"line":35,"column":4}}},"2":{"name":"seedLiquidity","line":38,"loc":{"start":{"line":38,"column":4},"end":{"line":55,"column":4}}},"3":{"name":"releaseTeamTokens","line":58,"loc":{"start":{"line":58,"column":4},"end":{"line":63,"column":4}}}},"statementMap":{"1":{"start":{"line":30,"column":8},"end":{"line":30,"column":65}},"2":{"start":{"line":39,"column":8},"end":{"line":39,"column":45}},"3":{"start":{"line":40,"column":8},"end":{"line":40,"column":69}},"4":{"start":{"line":41,"column":8},"end":{"line":41,"column":51}},"5":{"start":{"line":42,"column":8},"end":{"line":42,"column":51}},"6":{"start":{"line":44,"column":8},"end":{"line":44,"column":52}},"7":{"start":{"line":45,"column":8},"end":{"line":45,"column":1735}},"8":{"start":{"line":59,"column":8},"end":{"line":59,"column":56}},"9":{"start":{"line":60,"column":8},"end":{"line":60,"column":35}},"10":{"start":{"line":62,"column":8},"end":{"line":62,"column":39}}},"branchMap":{"1":{"line":30,"type":"if","locations":[{"start":{"line":30,"column":8},"end":{"line":30,"column":8}},{"start":{"line":30,"column":8},"end":{"line":30,"column":8}}]},"2":{"line":38,"type":"if","locations":[{"start":{"line":38,"column":65},"end":{"line":38,"column":65}},{"start":{"line":38,"column":65},"end":{"line":38,"column":65}}]},"3":{"line":38,"type":"if","locations":[{"start":{"line":38,"column":75},"end":{"line":38,"column":75}},{"start":{"line":38,"column":75},"end":{"line":38,"column":75}}]},"4":{"line":39,"type":"if","locations":[{"start":{"line":39,"column":8},"end":{"line":39,"column":8}},{"start":{"line":39,"column":8},"end":{"line":39,"column":8}}]},"5":{"line":58,"type":"if","locations":[{"start":{"line":58,"column":42},"end":{"line":58,"column":42}},{"start":{"line":58,"column":42},"end":{"line":58,"column":42}}]},"6":{"line":59,"type":"if","locations":[{"start":{"line":59,"column":8},"end":{"line":59,"column":8}},{"start":{"line":59,"column":8},"end":{"line":59,"column":8}}]}}},
"contracts/evm/MemePass721.sol":{"l":{"29":0,"30":0,"35":0,"36":0,"37":0,"38":0,"39":0,"40":0,"41":0,"42":0,"48":0,"52":0,"56":0,"60":0,"64":0,"73":0,"74":0,"75":0,"79":0,"88":0},"path":"/home/runner/work/unykorn/unykorn/contracts/evm/MemePass721.sol","s":{"1":0,"2":0,"3":0,"4":0,"5":0,"6":0,"7":0,"8":0,"9":0,"10":0,"11":0,"12":0,"13":0,"14":0,"15":0,"16":0,"17":0},"b":{"1":[0,0],"2":[0,0],"3":[0,0],"4":[0,0],"5":[0,0],"6":[0,0],"7":[0,0],"8":[0,0],"9":[0,0],"10":[0,0],"11":[0,0],"12":[0,0],"13":[0,0]},"f":{"1":0,"2":0,"3":0,"4":0,"5":0,"6":0,"7":0,"8":0,"9":0,"10":0},"fnMap":{"1":{"name":"constructor","line":27,"loc":{"start":{"line":25,"column":4},"end":{"line":31,"column":4}}},"2":{"name":"mint","line":34,"loc":{"start":{"line":34,"column":4},"end":{"line":45,"column":4}}},"3":{"name":"setSoulbound","line":47,"loc":{"start":{"line":47,"column":4},"end":{"line":49,"column":4}}},"4":{"name":"pause","line":51,"loc":{"start":{"line":51,"column":4},"end":{"line":53,"column":4}}},"5":{"name":"unpause","line":55,"loc":{"start":{"line":55,"column":4},"end":{"line":57,"column":4}}},"6":{"name":"withdraw","line":59,"loc":{"start":{"line":59,"column":4},"end":{"line":61,"column":4}}},"7":{"name":"locked","line":63,"loc":{"start":{"line":63,"column":4},"end":{"line":65,"column":4}}},"8":{"name":"_update","line":70,"loc":{"start":{"line":67,"column":4},"end":{"line":76,"column":4}}},"9":{"name":"_baseURI","line":78,"loc":{"start":{"line":78,"column":4},"end":{"line":80,"column":4}}},"10":{"name":"supportsInterface","line":82,"loc":{"start":{"line":82,"column":4},"end":{"line":89,"column":4}}}},"statementMap":{"1":{"start":{"line":29,"column":8},"end":{"line":29,"column":47}},"2":{"start":{"line":35,"column":8},"end":{"line":35,"column":57}},"3":{"start":{"line":36,"column":8},"end":{"line":36,"column":1374}},"4":{"start":{"line":37,"column":12},"end":{"line":37,"column":60}},"5":{"start":{"line":39,"column":12},"end":{"line":39,"column":45}},"6":{"start":{"line":40,"column":12},"end":{"line":40,"column":41}},"7":{"start":{"line":41,"column":12},"end":{"line":41,"column":1617}},"8":{"start":{"line":42,"column":16},"end":{"line":42,"column":36}},"9":{"start":{"line":52,"column":8},"end":{"line":52,"column":15}},"10":{"start":{"line":56,"column":8},"end":{"line":56,"column":17}},"11":{"start":{"line":60,"column":8},"end":{"line":60,"column":41}},"12":{"start":{"line":64,"column":8},"end":{"line":64,"column":59}},"13":{"start":{"line":73,"column":8},"end":{"line":73,"column":40}},"14":{"start":{"line":74,"column":8},"end":{"line":74,"column":75}},"15":{"start":{"line":75,"column":8},"end":{"line":75,"column":47}},"16":{"start":{"line":79,"column":8},"end":{"line":79,"column":22}},"17":{"start":{"line":88,"column":8},"end":{"line":88,"column":96}}},"branchMap":{"1":{"line":34,"type":"if","locations":[{"start":{"line":34,"column":51},"end":{"line":34,"column":51}},{"start":{"line":34,"column":51},"end":{"line":34,"column":51}}]},"2":{"line":35,"type":"if","locations":[{"start":{"line":35,"column":8},"end":{"line":35,"column":8}},{"start":{"line":35,"column":8},"end":{"line":35,"column":8}}]},"3":{"line":37,"type":"if","locations":[{"start":{"line":37,"column":12},"end":{"line":37,"column":12}},{"start":{"line":37,"column":12},"end":{"line":37,"column":12}}]},"4":{"line":41,"type":"if","locations":[{"start":{"line":41,"column":12},"end":{"line":41,"column":12}},{"start":{"line":41,"column":12},"end":{"line":41,"column":12}}]},"5":{"line":47,"type":"if","locations":[{"start":{"line":47,"column":47},"end":{"line":47,"column":47}},{"start":{"line":47,"column":47},"end":{"line":47,"column":47}}]},"6":{"line":51,"type":"if","locations":[{"start":{"line":51,"column":30},"end":{"line":51,"column":30}},{"start":{"line":51,"column":30},"end":{"line":51,"column":30}}]},"7":{"line":55,"type":"if","locations":[{"start":{"line":55,"column":32},"end":{"line":55,"column":32}},{"start":{"line":55,"column":32},"end":{"line":55,"column":32}}]},"8":{"line":59,"type":"if","locations":[{"start":{"line":59,"column":51},"end":{"line":59,"column":51}},{"start":{"line":59,"column":51},"end":{"line":59,"column":51}}]},"9":{"line":70,"type":"if","locations":[{"start":{"line":70,"column":8},"end":{"line":70,"column":8}},{"start":{"line":70,"column":8},"end":{"line":70,"column":8}}]},"10":{"line":74,"type":"if","locations":[{"start":{"line":74,"column":8},"end":{"line":74,"column":8}},{"start":{"line":74,"column":8},"end":{"line":74,"column":8}}]},"11":{"line":74,"type":"cond-expr","locations":[{"start":{"line":74,"column":16},"end":{"line":74,"column":25}},{"start":{"line":74,"column":30},"end":{"line":74,"column":47}}]},"12":{"line":74,"type":"cond-expr","locations":[{"start":{"line":74,"column":16},"end":{"line":74,"column":47}},{"start":{"line":74,"column":52},"end":{"line":74,"column":67}}]},"13":{"line":88,"type":"cond-expr","locations":[{"start":{"line":88,"column":15},"end":{"line":88,"column":55}},{"start":{"line":88,"column":60},"end":{"line":88,"column":95}}]}}},
"contracts/evm/TokenERC20.sol":{"l":{"34":2,"35":2,"36":2,"37":2,"38":2,"39":2,"40":2,"42":2,"43":2,"44":2,"45":2,"47":2,"48":2,"53":0,"58":0,"63":0,"68":0,"80":4,"81":1,"83":3},"path":"/home/runner/work/unykorn/unykorn/contracts/evm/TokenERC20.sol","s":{"1":2,"2":2,"3":2,"4":2,"5":2,"6":2,"7":2,"8":2,"9":2,"10":2,"11":2,"12":2,"13":0,"14":0,"15":0,"16":0,"17":4,"18":1,"19":3},"b":{"1":[2,0],"2":[0,0],"3":[0,0],"4":[0,0],"5":[0,0],"6":[0,0],"7":[4,0],"8":[1,3],"9":[0,1],"10":[0,0]},"f":{"1":2,"2":0,"3":0,"4":0,"5":0,"6":0,"7":4},"fnMap":{"1":{"name":"initialize","line":33,"loc":{"start":{"line":33,"column":4},"end":{"line":49,"column":4}}},"2":{"name":"mint","line":52,"loc":{"start":{"line":52,"column":4},"end":{"line":54,"column":4}}},"3":{"name":"burn","line":57,"loc":{"start":{"line":57,"column":4},"end":{"line":59,"column":4}}},"4":{"name":"pause","line":62,"loc":{"start":{"line":62,"column":4},"end":{"line":64,"column":4}}},"5":{"name":"unpause","line":67,"loc":{"start":{"line":67,"column":4},"end":{"line":69,"column":4}}},"6":{"name":"_authorizeUpgrade","line":72,"loc":{"start":{"line":72,"column":4},"end":{"line":72,"column":69}}},"7":{"name":"_update","line":78,"loc":{"start":{"line":75,"column":4},"end":{"line":84,"column":4}}}},"statementMap":{"1":{"start":{"line":34,"column":8},"end":{"line":34,"column":35}},"2":{"start":{"line":35,"column":8},"end":{"line":35,"column":32}},"3":{"start":{"line":36,"column":8},"end":{"line":36,"column":24}},"4":{"start":{"line":37,"column":8},"end":{"line":37,"column":29}},"5":{"start":{"line":38,"column":8},"end":{"line":38,"column":31}},"6":{"start":{"line":39,"column":8},"end":{"line":39,"column":28}},"7":{"start":{"line":40,"column":8},"end":{"line":40,"column":31}},"8":{"start":{"line":42,"column":8},"end":{"line":42,"column":49}},"9":{"start":{"line":43,"column":8},"end":{"line":43,"column":42}},"10":{"start":{"line":44,"column":8},"end":{"line":44,"column":42}},"11":{"start":{"line":45,"column":8},"end":{"line":45,"column":42}},"12":{"start":{"line":47,"column":8},"end":{"line":47,"column":40}},"13":{"start":{"line":53,"column":8},"end":{"line":53,"column":24}},"14":{"start":{"line":58,"column":8},"end":{"line":58,"column":26}},"15":{"start":{"line":63,"column":8},"end":{"line":63,"column":15}},"16":{"start":{"line":68,"column":8},"end":{"line":68,"column":17}},"17":{"start":{"line":80,"column":8},"end":{"line":80,"column":3104}},"18":{"start":{"line":81,"column":12},"end":{"line":81,"column":78}},"19":{"start":{"line":83,"column":8},"end":{"line":83,"column":38}}},"branchMap":{"1":{"line":33,"type":"if","locations":[{"start":{"line":33,"column":75},"end":{"line":33,"column":75}},{"start":{"line":33,"column":75},"end":{"line":33,"column":75}}]},"2":{"line":52,"type":"if","locations":[{"start":{"line":52,"column":55},"end":{"line":52,"column":55}},{"start":{"line":52,"column":55},"end":{"line":52,"column":55}}]},"3":{"line":57,"type":"if","locations":[{"start":{"line":57,"column":57},"end":{"line":57,"column":57}},{"start":{"line":57,"column":57},"end":{"line":57,"column":57}}]},"4":{"line":62,"type":"if","locations":[{"start":{"line":62,"column":30},"end":{"line":62,"column":30}},{"start":{"line":62,"column":30},"end":{"line":62,"column":30}}]},"5":{"line":67,"type":"if","locations":[{"start":{"line":67,"column":32},"end":{"line":67,"column":32}},{"start":{"line":67,"column":32},"end":{"line":67,"column":32}}]},"6":{"line":72,"type":"if","locations":[{"start":{"line":72,"column":58},"end":{"line":72,"column":58}},{"start":{"line":72,"column":58},"end":{"line":72,"column":58}}]},"7":{"line":78,"type":"if","locations":[{"start":{"line":78,"column":8},"end":{"line":78,"column":8}},{"start":{"line":78,"column":8},"end":{"line":78,"column":8}}]},"8":{"line":80,"type":"if","locations":[{"start":{"line":80,"column":8},"end":{"line":80,"column":8}},{"start":{"line":80,"column":8},"end":{"line":80,"column":8}}]},"9":{"line":81,"type":"if","locations":[{"start":{"line":81,"column":12},"end":{"line":81,"column":12}},{"start":{"line":81,"column":12},"end":{"line":81,"column":12}}]},"10":{"line":81,"type":"cond-expr","locations":[{"start":{"line":81,"column":20},"end":{"line":81,"column":37}},{"start":{"line":81,"column":42},"end":{"line":81,"column":57}}]}}},
"contracts/NFTMarketplace.sol":{"l":{"20":0,"21":0,"25":0,"26":0,"27":0,"31":0,"32":0,"33":0,"35":0,"36":0,"38":0,"39":0,"40":0,"42":0,"46":0,"47":0,"48":0,"49":0},"path":"/home/runner/work/unykorn/unykorn/contracts/NFTMarketplace.sol","s":{"1":0,"2":0,"3":0,"4":0,"5":0,"6":0,"7":0,"8":0,"9":0,"10":0,"11":0,"12":0,"13":0},"b":{"1":[0,0],"2":[0,0],"3":[0,0],"4":[0,0],"5":[0,0],"6":[0,0],"7":[0,0]},"f":{"1":0,"2":0,"3":0,"4":0},"fnMap":{"1":{"name":"constructor","line":19,"loc":{"start":{"line":19,"column":4},"end":{"line":22,"column":4}}},"2":{"name":"list","line":24,"loc":{"start":{"line":24,"column":4},"end":{"line":28,"column":4}}},"3":{"name":"purchase","line":30,"loc":{"start":{"line":30,"column":4},"end":{"line":43,"column":4}}},"4":{"name":"cancelListing","line":45,"loc":{"start":{"line":45,"column":4},"end":{"line":50,"column":4}}}},"statementMap":{"1":{"start":{"line":25,"column":8},"end":{"line":25,"column":81}},"2":{"start":{"line":26,"column":8},"end":{"line":26,"column":67}},"3":{"start":{"line":31,"column":8},"end":{"line":31,"column":50}},"4":{"start":{"line":32,"column":8},"end":{"line":32,"column":49}},"5":{"start":{"line":33,"column":8},"end":{"line":33,"column":65}},"6":{"start":{"line":35,"column":8},"end":{"line":35,"column":59}},"7":{"start":{"line":36,"column":8},"end":{"line":36,"column":50}},"8":{"start":{"line":38,"column":8},"end":{"line":38,"column":67}},"9":{"start":{"line":39,"column":8},"end":{"line":39,"column":53}},"10":{"start":{"line":40,"column":8},"end":{"line":40,"column":42}},"11":{"start":{"line":46,"column":8},"end":{"line":46,"column":50}},"12":{"start":{"line":47,"column":8},"end":{"line":47,"column":58}},"13":{"start":{"line":48,"column":8},"end":{"line":48,"column":67}}},"branchMap":{"1":{"line":24,"type":"if","locations":[{"start":{"line":24,"column":59},"end":{"line":24,"column":59}},{"start":{"line":24,"column":59},"end":{"line":24,"column":59}}]},"2":{"line":25,"type":"if","locations":[{"start":{"line":25,"column":8},"end":{"line":25,"column":8}},{"start":{"line":25,"column":8},"end":{"line":25,"column":8}}]},"3":{"line":30,"type":"if","locations":[{"start":{"line":30,"column":56},"end":{"line":30,"column":56}},{"start":{"line":30,"column":56},"end":{"line":30,"column":56}}]},"4":{"line":32,"type":"if","locations":[{"start":{"line":32,"column":8},"end":{"line":32,"column":8}},{"start":{"line":32,"column":8},"end":{"line":32,"column":8}}]},"5":{"line":33,"type":"if","locations":[{"start":{"line":33,"column":8},"end":{"line":33,"column":8}},{"start":{"line":33,"column":8},"end":{"line":33,"column":8}}]},"6":{"line":45,"type":"if","locations":[{"start":{"line":45,"column":53},"end":{"line":45,"column":53}},{"start":{"line":45,"column":53},"end":{"line":45,"column":53}}]},"7":{"line":47,"type":"if","locations":[{"start":{"line":47,"column":8},"end":{"line":47,"column":8}},{"start":{"line":47,"column":8},"end":{"line":47,"column":8}}]}}},
"contracts/NFTStaking.sol":{"l":{"21":0,"25":0,"26":0,"27":0,"31":0,"32":0,"33":0,"34":0,"36":0,"40":0,"41":0,"42":0,"43":0,"44":0,"48":0,"49":0,"50":0,"51":0,"52":0,"53":0,"54":0,"57":0,"58":0,"59":0,"60":0,"61":0},"path":"/home/runner/work/unykorn/unykorn/contracts/NFTStaking.sol","s":{"1":0,"2":0,"3":0,"4":0,"5":0,"6":0,"7":0,"8":0,"9":0,"10":0,"11":0,"12":0,"13":0,"14":0,"15":0,"16":0},"b":{"1":[0,0],"2":[0,0],"3":[0,0],"4":[0,0],"5":[0,0],"6":[0,0]},"f":{"1":0,"2":0,"3":0,"4":0,"5":0},"fnMap":{"1":{"name":"constructor","line":20,"loc":{"start":{"line":20,"column":4},"end":{"line":22,"column":4}}},"2":{"name":"stake","line":24,"loc":{"start":{"line":24,"column":4},"end":{"line":28,"column":4}}},"3":{"name":"_calculateRewards","line":30,"loc":{"start":{"line":30,"column":4},"end":{"line":37,"column":4}}},"4":{"name":"claimRewards","line":39,"loc":{"start":{"line":39,"column":4},"end":{"line":45,"column":4}}},"5":{"name":"unstake","line":47,"loc":{"start":{"line":47,"column":4},"end":{"line":62,"column":4}}}},"statementMap":{"1":{"start":{"line":25,"column":8},"end":{"line":25,"column":67}},"2":{"start":{"line":26,"column":8},"end":{"line":26,"column":89}},"3":{"start":{"line":31,"column":8},"end":{"line":31,"column":52}},"4":{"start":{"line":32,"column":8},"end":{"line":32,"column":21}},"5":{"start":{"line":33,"column":8},"end":{"line":33,"column":1168}},"6":{"start":{"line":36,"column":8},"end":{"line":36,"column":20}},"7":{"start":{"line":40,"column":8},"end":{"line":40,"column":76}},"8":{"start":{"line":41,"column":8},"end":{"line":41,"column":50}},"9":{"start":{"line":44,"column":8},"end":{"line":44,"column":43}},"10":{"start":{"line":48,"column":8},"end":{"line":48,"column":68}},"11":{"start":{"line":49,"column":8},"end":{"line":49,"column":21}},"12":{"start":{"line":50,"column":8},"end":{"line":50,"column":59}},"13":{"start":{"line":51,"column":8},"end":{"line":51,"column":1863}},"14":{"start":{"line":52,"column":12},"end":{"line":52,"column":1929}},"15":{"start":{"line":59,"column":8},"end":{"line":59,"column":23}},"16":{"start":{"line":61,"column":8},"end":{"line":61,"column":67}}},"branchMap":{"1":{"line":24,"type":"if","locations":[{"start":{"line":24,"column":45},"end":{"line":24,"column":45}},{"start":{"line":24,"column":45},"end":{"line":24,"column":45}}]},"2":{"line":39,"type":"if","locations":[{"start":{"line":39,"column":35},"end":{"line":39,"column":35}},{"start":{"line":39,"column":35},"end":{"line":39,"column":35}}]},"3":{"line":41,"type":"if","locations":[{"start":{"line":41,"column":8},"end":{"line":41,"column":8}},{"start":{"line":41,"column":8},"end":{"line":41,"column":8}}]},"4":{"line":47,"type":"if","locations":[{"start":{"line":47,"column":47},"end":{"line":47,"column":47}},{"start":{"line":47,"column":47},"end":{"line":47,"column":47}}]},"5":{"line":48,"type":"if","locations":[{"start":{"line":48,"column":8},"end":{"line":48,"column":8}},{"start":{"line":48,"column":8},"end":{"line":48,"column":8}}]},"6":{"line":52,"type":"if","locations":[{"start":{"line":52,"column":12},"end":{"line":52,"column":12}},{"start":{"line":52,"column":12},"end":{"line":52,"column":12}}]}}},
"contracts/shared/MerkleLib.sol":{"l":{"10":0,"11":0,"12":0,"13":0,"14":0,"16":0,"19":0,"24":0},"path":"/home/runner/work/unykorn/unykorn/contracts/shared/MerkleLib.sol","s":{"1":0,"2":0,"3":0,"4":0,"5":0,"6":0},"b":{"1":[0,0]},"f":{"1":0,"2":0},"fnMap":{"1":{"name":"verify","line":9,"loc":{"start":{"line":9,"column":4},"end":{"line":20,"column":4}}},"2":{"name":"leaf","line":23,"loc":{"start":{"line":23,"column":4},"end":{"line":25,"column":4}}}},"statementMap":{"1":{"start":{"line":10,"column":8},"end":{"line":10,"column":31}},"2":{"start":{"line":11,"column":8},"end":{"line":11,"column":462}},"3":{"start":{"line":12,"column":12},"end":{"line":12,"column":43}},"4":{"start":{"line":13,"column":12},"end":{"line":13,"column":568}},"5":{"start":{"line":19,"column":8},"end":{"line":19,"column":31}},"6":{"start":{"line":24,"column":8},"end":{"line":24,"column":59}}},"branchMap":{"1":{"line":13,"type":"if","locations":[{"start":{"line":13,"column":12},"end":{"line":13,"column":12}},{"start":{"line":13,"column":12},"end":{"line":13,"column":12}}]}}},
"contracts/SubscriptionVault.sol":{"l":{"17":0,"21":0,"22":0,"23":0,"24":0,"26":0,"27":0,"29":0},"path":"/home/runner/work/unykorn/unykorn/contracts/SubscriptionVault.sol","s":{"1":0,"2":0,"3":0,"4":0,"5":0},"b":{"1":[0,0],"2":[0,0],"3":[0,0]},"f":{"1":0,"2":0},"fnMap":{"1":{"name":"constructor","line":16,"loc":{"start":{"line":16,"column":4},"end":{"line":18,"column":4}}},"2":{"name":"subscribe","line":20,"loc":{"start":{"line":20,"column":4},"end":{"line":30,"column":4}}}},"statementMap":{"1":{"start":{"line":21,"column":8},"end":{"line":21,"column":93}},"2":{"start":{"line":22,"column":8},"end":{"line":22,"column":49}},"3":{"start":{"line":23,"column":8},"end":{"line":23,"column":816}},"4":{"start":{"line":26,"column":8},"end":{"line":26,"column":926}},"5":{"start":{"line":29,"column":8},"end":{"line":29,"column":74}}},"branchMap":{"1":{"line":21,"type":"if","locations":[{"start":{"line":21,"column":8},"end":{"line":21,"column":8}},{"start":{"line":21,"column":8},"end":{"line":21,"column":8}}]},"2":{"line":23,"type":"if","locations":[{"start":{"line":23,"column":8},"end":{"line":23,"column":8}},{"start":{"line":23,"column":8},"end":{"line":23,"column":8}}]},"3":{"line":26,"type":"if","locations":[{"start":{"line":26,"column":8},"end":{"line":26,"column":8}},{"start":{"line":26,"column":8},"end":{"line":26,"column":8}}]}}},
"contracts/VCHAN.sol":{"l":{"11":0,"15":0,"19":0,"23":0},"path":"/home/runner/work/unykorn/unykorn/contracts/VCHAN.sol","s":{"1":0,"2":0,"3":0,"4":0},"b":{"1":[0,0],"2":[0,0],"3":[0,0]},"f":{"1":0,"2":0,"3":0,"4":0},"fnMap":{"1":{"name":"constructor","line":10,"loc":{"start":{"line":10,"column":4},"end":{"line":12,"column":4}}},"2":{"name":"pause","line":14,"loc":{"start":{"line":14,"column":4},"end":{"line":16,"column":4}}},"3":{"name":"unpause","line":18,"loc":{"start":{"line":18,"column":4},"end":{"line":20,"column":4}}},"4":{"name":"_update","line":22,"loc":{"start":{"line":22,"column":4},"end":{"line":24,"column":4}}}},"statementMap":{"1":{"start":{"line":11,"column":8},"end":{"line":11,"column":39}},"2":{"start":{"line":15,"column":8},"end":{"line":15,"column":15}},"3":{"start":{"line":19,"column":8},"end":{"line":19,"column":17}},"4":{"start":{"line":23,"column":8},"end":{"line":23,"column":38}}},"branchMap":{"1":{"line":14,"type":"if","locations":[{"start":{"line":14,"column":30},"end":{"line":14,"column":30}},{"start":{"line":14,"column":30},"end":{"line":14,"column":30}}]},"2":{"line":18,"type":"if","locations":[{"start":{"line":18,"column":32},"end":{"line":18,"column":32}},{"start":{"line":18,"column":32},"end":{"line":18,"column":32}}]},"3":{"line":22,"type":"if","locations":[{"start":{"line":22,"column":81},"end":{"line":22,"column":81}},{"start":{"line":22,"column":81},"end":{"line":22,"column":81}}]}}},
"contracts/VPOINT.sol":{"l":{"11":0,"15":0,"16":0},"path":"/home/runner/work/unykorn/unykorn/contracts/VPOINT.sol","s":{"1":0,"2":0,"3":0},"b":{"1":[0,0],"2":[0,0],"3":[0,0]},"f":{"1":0,"2":0,"3":0},"fnMap":{"1":{"name":"constructor","line":8,"loc":{"start":{"line":8,"column":4},"end":{"line":8,"column":65}}},"2":{"name":"mint","line":10,"loc":{"start":{"line":10,"column":4},"end":{"line":12,"column":4}}},"3":{"name":"_update","line":14,"loc":{"start":{"line":14,"column":4},"end":{"line":17,"column":4}}}},"statementMap":{"1":{"start":{"line":11,"column":8},"end":{"line":11,"column":24}},"2":{"start":{"line":15,"column":8},"end":{"line":15,"column":67}},"3":{"start":{"line":16,"column":8},"end":{"line":16,"column":38}}},"branchMap":{"1":{"line":10,"type":"if","locations":[{"start":{"line":10,"column":55},"end":{"line":10,"column":55}},{"start":{"line":10,"column":55},"end":{"line":10,"column":55}}]},"2":{"line":15,"type":"if","locations":[{"start":{"line":15,"column":8},"end":{"line":15,"column":8}},{"start":{"line":15,"column":8},"end":{"line":15,"column":8}}]},"3":{"line":15,"type":"cond-expr","locations":[{"start":{"line":15,"column":16},"end":{"line":15,"column":33}},{"start":{"line":15,"column":38},"end":{"line":15,"column":53}}]}}},
"contracts/VTV.sol":{"l":{"11":0,"15":0,"19":0,"23":0},"path":"/home/runner/work/unykorn/unykorn/contracts/VTV.sol","s":{"1":0,"2":0,"3":0,"4":0},"b":{"1":[0,0],"2":[0,0],"3":[0,0]},"f":{"1":0,"2":0,"3":0,"4":0},"fnMap":{"1":{"name":"constructor","line":10,"loc":{"start":{"line":10,"column":4},"end":{"line":12,"column":4}}},"2":{"name":"pause","line":14,"loc":{"start":{"line":14,"column":4},"end":{"line":16,"column":4}}},"3":{"name":"unpause","line":18,"loc":{"start":{"line":18,"column":4},"end":{"line":20,"column":4}}},"4":{"name":"_update","line":22,"loc":{"start":{"line":22,"column":4},"end":{"line":24,"column":4}}}},"statementMap":{"1":{"start":{"line":11,"column":8},"end":{"line":11,"column":41}},"2":{"start":{"line":15,"column":8},"end":{"line":15,"column":15}},"3":{"start":{"line":19,"column":8},"end":{"line":19,"column":17}},"4":{"start":{"line":23,"column":8},"end":{"line":23,"column":38}}},"branchMap":{"1":{"line":14,"type":"if","locations":[{"start":{"line":14,"column":30},"end":{"line":14,"column":30}},{"start":{"line":14,"column":30},"end":{"line":14,"column":30}}]},"2":{"line":18,"type":"if","locations":[{"start":{"line":18,"column":32},"end":{"line":18,"column":32}},{"start":{"line":18,"column":32},"end":{"line":18,"column":32}}]},"3":{"line":22,"type":"if","locations":[{"start":{"line":22,"column":81},"end":{"line":22,"column":81}},{"start":{"line":22,"column":81},"end":{"line":22,"column":81}}]}}}}
