TN:
SF:/home/runner/work/unykorn/unykorn/contracts/AffiliateRouter.sol
FN:10,constructor
FN:14,recordCommission
FN:18,claim
FNF:3
FNH:0
FNDA:0,constructor
FNDA:0,recordCommission
FNDA:0,claim
DA:11,0
DA:15,0
DA:19,0
DA:20,0
DA:21,0
DA:22,0
LF:6
LH:0
BRDA:14,1,0,0
BRDA:14,1,1,0
BRDA:20,2,0,0
BRDA:20,2,1,0
BRDA:22,3,0,0
BRDA:22,3,1,0
BRF:6
BRH:0
end_of_record
TN:
SF:/home/runner/work/unykorn/unykorn/contracts/AuditTrail.sol
FN:19,constructor
FN:23,logTransaction
FNF:2
FNH:0
FNDA:0,constructor
FNDA:0,logTransaction
DA:20,0
DA:24,0
DA:25,0
LF:3
LH:0
BRDA:23,1,0,0
BRDA:23,1,1,0
BRF:2
BRH:0
end_of_record
TN:
SF:/home/runner/work/unykorn/unykorn/contracts/evm/LiquidityHelper.sol
FN:29,constructor
FN:38,seedLiquidity
FN:58,releaseTeamTokens
FNF:3
FNH:0
FNDA:0,constructor
FNDA:0,seedLiquidity
FNDA:0,releaseTeamTokens
DA:30,0
DA:31,0
DA:32,0
DA:33,0
DA:34,0
DA:39,0
DA:40,0
DA:41,0
DA:42,0
DA:44,0
DA:45,0
DA:53,0
DA:59,0
DA:60,0
DA:61,0
DA:62,0
LF:16
LH:0
BRDA:30,1,0,0
BRDA:30,1,1,0
BRDA:38,2,0,0
BRDA:38,2,1,0
BRDA:38,3,0,0
BRDA:38,3,1,0
BRDA:39,4,0,0
BRDA:39,4,1,0
BRDA:58,5,0,0
BRDA:58,5,1,0
BRDA:59,6,0,0
BRDA:59,6,1,0
BRF:12
BRH:0
end_of_record
TN:
SF:/home/runner/work/unykorn/unykorn/contracts/evm/MemePass721.sol
FN:27,constructor
FN:34,mint
FN:47,setSoulbound
FN:51,pause
FN:55,unpause
FN:59,withdraw
FN:63,locked
FN:70,_update
FN:78,_baseURI
FN:82,supportsInterface
FNF:10
FNH:0
FNDA:0,constructor
FNDA:0,mint
FNDA:0,setSoulbound
FNDA:0,pause
FNDA:0,unpause
FNDA:0,withdraw
FNDA:0,locked
FNDA:0,_update
FNDA:0,_baseURI
FNDA:0,supportsInterface
DA:29,0
DA:30,0
DA:35,0
DA:36,0
DA:37,0
DA:38,0
DA:39,0
DA:40,0
DA:41,0
DA:42,0
DA:48,0
DA:52,0
DA:56,0
DA:60,0
DA:64,0
DA:73,0
DA:74,0
DA:75,0
DA:79,0
DA:88,0
LF:20
LH:0
BRDA:34,1,0,0
BRDA:34,1,1,0
BRDA:35,2,0,0
BRDA:35,2,1,0
BRDA:37,3,0,0
BRDA:37,3,1,0
BRDA:41,4,0,0
BRDA:41,4,1,0
BRDA:47,5,0,0
BRDA:47,5,1,0
BRDA:51,6,0,0
BRDA:51,6,1,0
BRDA:55,7,0,0
BRDA:55,7,1,0
BRDA:59,8,0,0
BRDA:59,8,1,0
BRDA:70,9,0,0
BRDA:70,9,1,0
BRDA:74,10,0,0
BRDA:74,10,1,0
BRDA:74,11,0,0
BRDA:74,11,1,0
BRDA:74,12,0,0
BRDA:74,12,1,0
BRDA:88,13,0,0
BRDA:88,13,1,0
BRF:26
BRH:0
end_of_record
TN:
SF:/home/runner/work/unykorn/unykorn/contracts/evm/TokenERC20.sol
FN:33,initialize
FN:52,mint
FN:57,burn
FN:62,pause
FN:67,unpause
FN:72,_authorizeUpgrade
FN:78,_update
FNF:7
FNH:2
FNDA:2,initialize
FNDA:0,mint
FNDA:0,burn
FNDA:0,pause
FNDA:0,unpause
FNDA:0,_authorizeUpgrade
FNDA:4,_update
DA:34,2
DA:35,2
DA:36,2
DA:37,2
DA:38,2
DA:39,2
DA:40,2
DA:42,2
DA:43,2
DA:44,2
DA:45,2
DA:47,2
DA:48,2
DA:53,0
DA:58,0
DA:63,0
DA:68,0
DA:80,4
DA:81,1
DA:83,3
LF:20
LH:16
BRDA:33,1,0,2
BRDA:33,1,1,0
BRDA:52,2,0,0
BRDA:52,2,1,0
BRDA:57,3,0,0
BRDA:57,3,1,0
BRDA:62,4,0,0
BRDA:62,4,1,0
BRDA:67,5,0,0
BRDA:67,5,1,0
BRDA:72,6,0,0
BRDA:72,6,1,0
BRDA:78,7,0,4
BRDA:78,7,1,0
BRDA:80,8,0,1
BRDA:80,8,1,3
BRDA:81,9,0,0
BRDA:81,9,1,1
BRDA:81,10,0,0
BRDA:81,10,1,0
BRF:20
BRH:5
end_of_record
TN:
SF:/home/runner/work/unykorn/unykorn/contracts/NFTMarketplace.sol
FN:19,constructor
FN:24,list
FN:30,purchase
FN:45,cancelListing
FNF:4
FNH:0
FNDA:0,constructor
FNDA:0,list
FNDA:0,purchase
FNDA:0,cancelListing
DA:20,0
DA:21,0
DA:25,0
DA:26,0
DA:27,0
DA:31,0
DA:32,0
DA:33,0
DA:35,0
DA:36,0
DA:38,0
DA:39,0
DA:40,0
DA:42,0
DA:46,0
DA:47,0
DA:48,0
DA:49,0
LF:18
LH:0
BRDA:24,1,0,0
BRDA:24,1,1,0
BRDA:25,2,0,0
BRDA:25,2,1,0
BRDA:30,3,0,0
BRDA:30,3,1,0
BRDA:32,4,0,0
BRDA:32,4,1,0
BRDA:33,5,0,0
BRDA:33,5,1,0
BRDA:45,6,0,0
BRDA:45,6,1,0
BRDA:47,7,0,0
BRDA:47,7,1,0
BRF:14
BRH:0
end_of_record
TN:
SF:/home/runner/work/unykorn/unykorn/contracts/NFTStaking.sol
FN:20,constructor
FN:24,stake
FN:30,_calculateRewards
FN:39,claimRewards
FN:47,unstake
FNF:5
FNH:0
FNDA:0,constructor
FNDA:0,stake
FNDA:0,_calculateRewards
FNDA:0,claimRewards
FNDA:0,unstake
DA:21,0
DA:25,0
DA:26,0
DA:27,0
DA:31,0
DA:32,0
DA:33,0
DA:34,0
DA:36,0
DA:40,0
DA:41,0
DA:42,0
DA:43,0
DA:44,0
DA:48,0
DA:49,0
DA:50,0
DA:51,0
DA:52,0
DA:53,0
DA:54,0
DA:57,0
DA:58,0
DA:59,0
DA:60,0
DA:61,0
LF:26
LH:0
BRDA:24,1,0,0
BRDA:24,1,1,0
BRDA:39,2,0,0
BRDA:39,2,1,0
BRDA:41,3,0,0
BRDA:41,3,1,0
BRDA:47,4,0,0
BRDA:47,4,1,0
BRDA:48,5,0,0
BRDA:48,5,1,0
BRDA:52,6,0,0
BRDA:52,6,1,0
BRF:12
BRH:0
end_of_record
TN:
SF:/home/runner/work/unykorn/unykorn/contracts/shared/MerkleLib.sol
FN:9,verify
FN:23,leaf
FNF:2
FNH:0
FNDA:0,verify
FNDA:0,leaf
DA:10,0
DA:11,0
DA:12,0
DA:13,0
DA:14,0
DA:16,0
DA:19,0
DA:24,0
LF:8
LH:0
BRDA:13,1,0,0
BRDA:13,1,1,0
BRF:2
BRH:0
end_of_record
TN:
SF:/home/runner/work/unykorn/unykorn/contracts/SubscriptionVault.sol
FN:16,constructor
FN:20,subscribe
FNF:2
FNH:0
FNDA:0,constructor
FNDA:0,subscribe
DA:17,0
DA:21,0
DA:22,0
DA:23,0
DA:24,0
DA:26,0
DA:27,0
DA:29,0
LF:8
LH:0
BRDA:21,1,0,0
BRDA:21,1,1,0
BRDA:23,2,0,0
BRDA:23,2,1,0
BRDA:26,3,0,0
BRDA:26,3,1,0
BRF:6
BRH:0
end_of_record
TN:
SF:/home/runner/work/unykorn/unykorn/contracts/VCHAN.sol
FN:10,constructor
FN:14,pause
FN:18,unpause
FN:22,_update
FNF:4
FNH:0
FNDA:0,constructor
FNDA:0,pause
FNDA:0,unpause
FNDA:0,_update
DA:11,0
DA:15,0
DA:19,0
DA:23,0
LF:4
LH:0
BRDA:14,1,0,0
BRDA:14,1,1,0
BRDA:18,2,0,0
BRDA:18,2,1,0
BRDA:22,3,0,0
BRDA:22,3,1,0
BRF:6
BRH:0
end_of_record
TN:
SF:/home/runner/work/unykorn/unykorn/contracts/VPOINT.sol
FN:8,constructor
FN:10,mint
FN:14,_update
FNF:3
FNH:0
FNDA:0,constructor
FNDA:0,mint
FNDA:0,_update
DA:11,0
DA:15,0
DA:16,0
LF:3
LH:0
BRDA:10,1,0,0
BRDA:10,1,1,0
BRDA:15,2,0,0
BRDA:15,2,1,0
BRDA:15,3,0,0
BRDA:15,3,1,0
BRF:6
BRH:0
end_of_record
TN:
SF:/home/runner/work/unykorn/unykorn/contracts/VTV.sol
FN:10,constructor
FN:14,pause
FN:18,unpause
FN:22,_update
FNF:4
FNH:0
FNDA:0,constructor
FNDA:0,pause
FNDA:0,unpause
FNDA:0,_update
DA:11,0
DA:15,0
DA:19,0
DA:23,0
LF:4
LH:0
BRDA:14,1,0,0
BRDA:14,1,1,0
BRDA:18,2,0,0
BRDA:18,2,1,0
BRDA:22,3,0,0
BRDA:22,3,1,0
BRF:6
BRH:0
end_of_record
